C:\USERS\S0711449\DESKTOP\IMPRESSIONIST\DEBUG\IMPRESSIONIST.EXE
C:\Users\s0711449\Desktop\Impressionist\Debug\Impressionist.exp
C:\USERS\S0711449\DESKTOP\IMPRESSIONIST\DEBUG\IMPRESSIONIST.ILK
C:\Users\s0711449\Desktop\Impressionist\Debug\Impressionist.lib
C:\USERS\S0711449\DESKTOP\IMPRESSIONIST\DEBUG\IMPRESSIONIST.PDB
C:\USERS\S0711449\DESKTOP\IMPRESSIONIST\IMPRESSIONIST\DEBUG\BITMAP.OBJ
C:\Users\s0711449\Desktop\Impressionist\Impressionist\Debug\cl.command.1.tlog
C:\Users\s0711449\Desktop\Impressionist\Impressionist\Debug\CL.read.1.tlog
C:\Users\s0711449\Desktop\Impressionist\Impressionist\Debug\CL.write.1.tlog
C:\USERS\S0711449\DESKTOP\IMPRESSIONIST\IMPRESSIONIST\DEBUG\FLTDESIGNUI.OBJ
C:\USERS\S0711449\DESKTOP\IMPRESSIONIST\IMPRESSIONIST\DEBUG\IMPBRUSH.OBJ
C:\USERS\S0711449\DESKTOP\IMPRESSIONIST\IMPRESSIONIST\DEBUG\IMPRESSIONIST.EXE
C:\Users\s0711449\Desktop\Impressionist\Impressionist\Debug\Impressionist.exe.embed.manifest
C:\USERS\S0711449\DESKTOP\IMPRESSIONIST\IMPRESSIONIST\DEBUG\IMPRESSIONIST.EXE.EMBED.MANIFEST.RES
C:\USERS\S0711449\DESKTOP\IMPRESSIONIST\IMPRESSIONIST\DEBUG\IMPRESSIONIST.EXE.INTERMEDIATE.MANIFEST
C:\Users\s0711449\Desktop\Impressionist\Impressionist\Debug\Impressionist.exp
C:\USERS\S0711449\DESKTOP\IMPRESSIONIST\IMPRESSIONIST\DEBUG\IMPRESSIONIST.ILK
C:\Users\s0711449\Desktop\Impressionist\Impressionist\Debug\Impressionist.lib
C:\USERS\S0711449\DESKTOP\IMPRESSIONIST\IMPRESSIONIST\DEBUG\IMPRESSIONIST.OBJ
C:\USERS\S0711449\DESKTOP\IMPRESSIONIST\IMPRESSIONIST\DEBUG\IMPRESSIONIST.PDB
C:\Users\s0711449\Desktop\Impressionist\Impressionist\Debug\Impressionist.write.1.tlog
C:\Users\s0711449\Desktop\Impressionist\Impressionist\Debug\Impressionist_manifest.rc
C:\USERS\S0711449\DESKTOP\IMPRESSIONIST\IMPRESSIONIST\DEBUG\IMPRESSIONISTDOC.OBJ
C:\USERS\S0711449\DESKTOP\IMPRESSIONIST\IMPRESSIONIST\DEBUG\IMPRESSIONISTUI.OBJ
C:\Users\s0711449\Desktop\Impressionist\Impressionist\Debug\link.5544.read.1.tlog
C:\Users\s0711449\Desktop\Impressionist\Impressionist\Debug\link.5544.write.1.tlog
C:\Users\s0711449\Desktop\Impressionist\Impressionist\Debug\link.5544-cvtres.read.1.tlog
C:\Users\s0711449\Desktop\Impressionist\Impressionist\Debug\link.5544-cvtres.write.1.tlog
C:\Users\s0711449\Desktop\Impressionist\Impressionist\Debug\link.command.1.tlog
C:\Users\s0711449\Desktop\Impressionist\Impressionist\Debug\link.read.1.tlog
C:\Users\s0711449\Desktop\Impressionist\Impressionist\Debug\link.write.1.tlog
C:\Users\s0711449\Desktop\Impressionist\Impressionist\Debug\link-cvtres.read.1.tlog
C:\Users\s0711449\Desktop\Impressionist\Impressionist\Debug\link-cvtres.write.1.tlog
C:\Users\s0711449\Desktop\Impressionist\Impressionist\Debug\mt.command.1.tlog
C:\Users\s0711449\Desktop\Impressionist\Impressionist\Debug\mt.read.1.tlog
C:\Users\s0711449\Desktop\Impressionist\Impressionist\Debug\mt.write.1.tlog
C:\USERS\S0711449\DESKTOP\IMPRESSIONIST\IMPRESSIONIST\DEBUG\ORIGINALVIEW.OBJ
C:\USERS\S0711449\DESKTOP\IMPRESSIONIST\IMPRESSIONIST\DEBUG\PAINTVIEW.OBJ
C:\USERS\S0711449\DESKTOP\IMPRESSIONIST\IMPRESSIONIST\DEBUG\POINTBRUSH.OBJ
C:\Users\s0711449\Desktop\Impressionist\Impressionist\Debug\rc.command.1.tlog
C:\Users\s0711449\Desktop\Impressionist\Impressionist\Debug\rc.read.1.tlog
C:\Users\s0711449\Desktop\Impressionist\Impressionist\Debug\rc.write.1.tlog
C:\Users\s0711449\Desktop\Impressionist\Impressionist\Debug\vc100.idb
C:\USERS\S0711449\DESKTOP\IMPRESSIONIST\IMPRESSIONIST\DEBUG\VC100.PDB
C:\USERS\S0711449\DESKTOP\IMPRESSIONIST\IMPRESSIONIST\IMPRESSIONIST\DEBUG\BITMAP.OBJ
C:\USERS\S0711449\DESKTOP\IMPRESSIONIST\IMPRESSIONIST\IMPRESSIONIST\DEBUG\FLTDESIGNUI.OBJ
C:\USERS\S0711449\DESKTOP\IMPRESSIONIST\IMPRESSIONIST\IMPRESSIONIST\DEBUG\IMPBRUSH.OBJ
C:\USERS\S0711449\DESKTOP\IMPRESSIONIST\IMPRESSIONIST\IMPRESSIONIST\DEBUG\IMPRESSIONIST.EXE.EMBED.MANIFEST
C:\USERS\S0711449\DESKTOP\IMPRESSIONIST\IMPRESSIONIST\IMPRESSIONIST\DEBUG\IMPRESSIONIST.EXE.EMBED.MANIFEST.RES
C:\USERS\S0711449\DESKTOP\IMPRESSIONIST\IMPRESSIONIST\IMPRESSIONIST\DEBUG\IMPRESSIONIST.EXE.INTERMEDIATE.MANIFEST
C:\USERS\S0711449\DESKTOP\IMPRESSIONIST\IMPRESSIONIST\IMPRESSIONIST\DEBUG\IMPRESSIONIST.OBJ
C:\USERS\S0711449\DESKTOP\IMPRESSIONIST\IMPRESSIONIST\IMPRESSIONIST\DEBUG\IMPRESSIONISTDOC.OBJ
C:\USERS\S0711449\DESKTOP\IMPRESSIONIST\IMPRESSIONIST\IMPRESSIONIST\DEBUG\IMPRESSIONISTUI.OBJ
C:\USERS\S0711449\DESKTOP\IMPRESSIONIST\IMPRESSIONIST\IMPRESSIONIST\DEBUG\ORIGINALVIEW.OBJ
C:\USERS\S0711449\DESKTOP\IMPRESSIONIST\IMPRESSIONIST\IMPRESSIONIST\DEBUG\PAINTVIEW.OBJ
C:\USERS\S0711449\DESKTOP\IMPRESSIONIST\IMPRESSIONIST\IMPRESSIONIST\DEBUG\POINTBRUSH.OBJ
C:\USERS\S0711449\DESKTOP\IMPRESSIONIST\IMPRESSIONIST\IMPRESSIONIST\DEBUG\VC100.PDB
